<?xml version="1.0" encoding="UTF-8"?>
<testng-results total="1" passed="1" failed="0" skipped="0">
  <reporter-output>
  </reporter-output>
  <suite started-at="2020-08-05T11:58:50Z" name="Default suite" finished-at="2020-08-05T12:00:04Z" duration-ms="73918">
    <groups>
    </groups>
    <test started-at="2020-08-05T11:58:50Z" name="Default test" finished-at="2020-08-05T12:00:04Z" duration-ms="73918">
      <class name="com.autodeskcrm.contacttest.CreateContactWithOrganizationName">
        <test-method is-config="true" signature="openBrowser()[pri:0, instance:com.autodeskcrm.contacttest.CreateContactWithOrganizationName@fdefd3f]" started-at="2020-08-05T17:28:50Z" name="openBrowser" finished-at="2020-08-05T17:28:56Z" duration-ms="6094" status="PASS">
          <reporter-output>
          </reporter-output>
        </test-method> <!-- openBrowser -->
        <test-method is-config="true" signature="loginToAplication()[pri:0, instance:com.autodeskcrm.contacttest.CreateContactWithOrganizationName@fdefd3f]" started-at="2020-08-05T17:28:56Z" name="loginToAplication" finished-at="2020-08-05T17:29:07Z" duration-ms="11198" status="PASS">
          <reporter-output>
          </reporter-output>
        </test-method> <!-- loginToAplication -->
        <test-method signature="createContactWithOrgtest()[pri:0, instance:com.autodeskcrm.contacttest.CreateContactWithOrganizationName@fdefd3f]" started-at="2020-08-05T17:29:07Z" name="createContactWithOrgtest" finished-at="2020-08-05T17:29:57Z" duration-ms="49836" status="PASS">
          <reporter-output>
          </reporter-output>
        </test-method> <!-- createContactWithOrgtest -->
        <test-method is-config="true" signature="logoutApplication()[pri:0, instance:com.autodeskcrm.contacttest.CreateContactWithOrganizationName@fdefd3f]" started-at="2020-08-05T17:29:57Z" name="logoutApplication" finished-at="2020-08-05T17:29:59Z" duration-ms="2142" status="PASS">
          <reporter-output>
          </reporter-output>
        </test-method> <!-- logoutApplication -->
        <test-method is-config="true" signature="closeBrowser()[pri:0, instance:com.autodeskcrm.contacttest.CreateContactWithOrganizationName@fdefd3f]" started-at="2020-08-05T17:29:59Z" name="closeBrowser" finished-at="2020-08-05T17:30:04Z" duration-ms="4611" status="PASS">
          <reporter-output>
          </reporter-output>
        </test-method> <!-- closeBrowser -->
      </class> <!-- com.autodeskcrm.contacttest.CreateContactWithOrganizationName -->
    </test> <!-- Default test -->
  </suite> <!-- Default suite -->
</testng-results>
